System : AssetRipper Console Version
System : System Version: Microsoft Windows NT 10.0.26100.0
System : Operating System: Windows 64 bit
System : AssetRipper Version: 0.3.4.0
System : AssetRipper Build Type: Release Published
System : UTC Current Time: Tue Nov 25 13:36:45 UTC 2025
System : UTC Compile Time: Tue Sep  5 05:23:26 UTC 2023
General : Configuration Settings:
General : ScriptContentLevel: Level2
General : StreamingAssetsMode: Extract
General : DefaultVersion: 0.0.0a0
General : ExportRootPath: D:\a\tester\tester\AssetRipper\Ripped
General : ExportDependencies: False
General : BundledAssetsExportMode: DirectExport
General : AudioExportFormat: Default
General : ImageExportFormat: Png
General : MeshExportFormat: Native
General : ScriptExportMode: Hybrid
General : ScriptLanguageVersion: AutoSafe
General : ShaderExportMode: Dummy
General : SpriteExportMode: Yaml
General : TerrainExportMode: Yaml
General : TextExportMode: Parse
General : EnablePrefabOutlining: False
General : EnableStaticMeshSeparation: False
General : IgnoreEngineAssets: False
General : Attempting to read files from target.bin
Import : Game file 'target.bin' has been found
Import : Mixed game structure has been found at target.bin
Import : Files use the 'Unknown' scripting backend.
General : Finished reading files
General : Processing loaded assets...
Processing : Creating Scene Definitions
Processing : Main Asset Pairing
Processing : Lighting Data Assets
Processing : Reconstruct AnimatorController Assets
Processing : Reconstruct AudioMixer Assets
Processing : Editor Format Conversion
General : Finished processing assets
Export : Attempting to export assets to D:\a\tester\tester\rip_output...
Export : Starting export
Export : Game files have these Unity versions: 2022.3.8f1
Export : Exporting to Unity version 2022.3.8f1
Export : Finished exporting assets
Export : Saving game assemblies...
Export : Finished post-export
